INFO|2025-02-05|12:23:48|scalesvc\bluetooth.py:L66|loop|Starting Bluetooth Scanner...
DEBUG|2025-02-05|12:23:49|scalesvc\bluetooth.py:L74|loop|Detected 4 device(s)...
DEBUG|2025-02-05|12:23:50|scalesvc\bluetooth.py:L74|loop|Detected 4 device(s)...
DEBUG|2025-02-05|12:23:51|scalesvc\bluetooth.py:L74|loop|Detected 4 device(s)...
DEBUG|2025-02-05|12:23:52|scalesvc\bluetooth.py:L74|loop|Detected 3 device(s)...
INFO|2025-02-05|12:23:52|scalesvc\bluetooth.py:L81|loop|Connecting to FF:03:00:66:02:DA ...
INFO|2025-02-05|12:23:53|scalesvc\bluetooth.py:L83|loop|Connected
INFO|2025-02-05|12:23:54|scalesvc\bluetooth.py:L87|loop|Pairing: True
DEBUG|2025-02-05|12:23:54|scalesvc\bluetooth.py:L96|loop|00002a00-0000-1000-8000-00805f9b34fb (Handle: 2): Device Name: bytearray(b'QN-Scale')
DEBUG|2025-02-05|12:23:54|scalesvc\bluetooth.py:L96|loop|00002a19-0000-1000-8000-00805f9b34fb (Handle: 5): Battery Level: bytearray(b'd')
DEBUG|2025-02-05|12:23:54|scalesvc\bluetooth.py:L96|loop|00002a29-0000-1000-8000-00805f9b34fb (Handle: 8): Manufacturer Name String: bytearray(b'Qing Niu Technology')
DEBUG|2025-02-05|12:23:54|scalesvc\bluetooth.py:L96|loop|00002a26-0000-1000-8000-00805f9b34fb (Handle: 10): Firmware Revision String: bytearray(b'V05.1')
DEBUG|2025-02-05|12:23:54|scalesvc\bluetooth.py:L96|loop|00002a23-0000-1000-8000-00805f9b34fb (Handle: 12): System ID: bytearray(b'\xda\x02f\x00\x03\xff')
DEBUG|2025-02-05|12:23:54|scalesvc\bluetooth.py:L96|loop|00002a25-0000-1000-8000-00805f9b34fb (Handle: 14): Serial Number String: bytearray(b'')
DEBUG|2025-02-05|12:23:55|scalesvc\bluetooth.py:L96|loop|0000fff1-0000-1000-8000-00805f9b34fb (Handle: 17): Vendor specific: Could not read characteristic handle 17: Protocol Error 0x02: Read Not Permitted
DEBUG|2025-02-05|12:23:55|scalesvc\bluetooth.py:L96|loop|0000fff2-0000-1000-8000-00805f9b34fb (Handle: 20): Vendor specific: Could not read characteristic handle 20: Protocol Error 0x02: Read Not Permitted
DEBUG|2025-02-05|12:23:55|scalesvc\bluetooth.py:L96|loop|0000ae01-0000-1000-8000-00805f9b34fb (Handle: 129): Vendor specific: Could not read characteristic handle 129: Protocol Error 0x02: Read Not Permitted
DEBUG|2025-02-05|12:23:55|scalesvc\bluetooth.py:L96|loop|0000ae02-0000-1000-8000-00805f9b34fb (Handle: 131): Vendor specific: Could not read characteristic handle 131: Protocol Error 0x02: Read Not Permitted
INFO|2025-02-05|12:23:55|scalesvc\bluetooth.py:L99|loop|Enable notifications: 0000fff1-0000-1000-8000-00805f9b34fb
DEBUG|2025-02-05|12:23:55|scalesvc\bluetooth.py:L42|handler|RX:0000fff1-0000-1000-8000-00805f9b34fb: 12 11 ff da 02 66 00 03 ff 03 03 05 00 00 05 07 7d 
DEBUG|2025-02-05|12:23:55|scalesvc\decoder.py:L30|process|Unrecognized message type: 18
DEBUG|2025-02-05|12:23:55|scalesvc\bluetooth.py:L42|handler|RX:0000fff1-0000-1000-8000-00805f9b34fb: 12 11 ff da 02 66 00 03 ff 03 03 05 00 00 05 07 7d 
DEBUG|2025-02-05|12:23:55|scalesvc\decoder.py:L30|process|Unrecognized message type: 18
DEBUG|2025-02-05|12:23:56|scalesvc\bluetooth.py:L42|handler|RX:0000fff1-0000-1000-8000-00805f9b34fb: 12 11 ff da 02 66 00 03 ff 03 03 05 00 00 05 07 7d 
DEBUG|2025-02-05|12:23:56|scalesvc\decoder.py:L30|process|Unrecognized message type: 18
DEBUG|2025-02-05|12:23:56|scalesvc\bluetooth.py:L42|handler|RX:0000fff1-0000-1000-8000-00805f9b34fb: 12 11 ff da 02 66 00 03 ff 03 03 05 00 00 05 07 7d 
DEBUG|2025-02-05|12:23:56|scalesvc\decoder.py:L30|process|Unrecognized message type: 18
INFO|2025-02-05|12:23:56|scalesvc\bluetooth.py:L104|loop|Initializing parameters
DEBUG|2025-02-05|12:23:56|scalesvc\bluetooth.py:L44|handler|TX:0000fff2-0000-1000-8000-00805f9b34fb: 13 09 15 01 10 00 00 00 42 
DEBUG|2025-02-05|12:23:56|scalesvc\decoder.py:L30|process|Unrecognized message type: 19
DEBUG|2025-02-05|12:23:56|scalesvc\bluetooth.py:L42|handler|RX:0000fff1-0000-1000-8000-00805f9b34fb: 14 0b ff 00 00 01 00 00 00 00 1f 
DEBUG|2025-02-05|12:23:56|scalesvc\decoder.py:L30|process|Unrecognized message type: 20
DEBUG|2025-02-05|12:23:57|scalesvc\bluetooth.py:L42|handler|RX:0000fff1-0000-1000-8000-00805f9b34fb: 10 0b ff 23 dc 11 00 00 00 00 2a 
DEBUG|2025-02-05|12:23:57|scalesvc\decoder.py:L58|weight|Scale not ready
DEBUG|2025-02-05|12:23:57|scalesvc\bluetooth.py:L42|handler|RX:0000fff1-0000-1000-8000-00805f9b34fb: 10 0b ff 23 dc 11 00 00 00 00 2a 
DEBUG|2025-02-05|12:23:57|scalesvc\decoder.py:L58|weight|Scale not ready
DEBUG|2025-02-05|12:23:57|scalesvc\bluetooth.py:L42|handler|RX:0000fff1-0000-1000-8000-00805f9b34fb: 10 0b ff 23 dc 11 00 00 00 00 2a 
DEBUG|2025-02-05|12:23:57|scalesvc\decoder.py:L58|weight|Scale not ready
INFO|2025-02-05|12:23:57|scalesvc\bluetooth.py:L115|loop|Initializing time
DEBUG|2025-02-05|12:23:57|scalesvc\bluetooth.py:L44|handler|TX:0000fff2-0000-1000-8000-00805f9b34fb: 02 dd 14 36 2f 
DEBUG|2025-02-05|12:23:57|scalesvc\decoder.py:L30|process|Unrecognized message type: 2
DEBUG|2025-02-05|12:23:57|scalesvc\bluetooth.py:L42|handler|RX:0000fff1-0000-1000-8000-00805f9b34fb: 10 0b ff 23 dc 11 00 00 00 00 2a 
DEBUG|2025-02-05|12:23:57|scalesvc\decoder.py:L58|weight|Scale not ready
DEBUG|2025-02-05|12:23:57|scalesvc\bluetooth.py:L42|handler|RX:0000fff1-0000-1000-8000-00805f9b34fb: 10 0b ff 23 dc 11 00 00 00 00 2a 
DEBUG|2025-02-05|12:23:57|scalesvc\decoder.py:L58|weight|Scale not ready
DEBUG|2025-02-05|12:23:58|scalesvc\bluetooth.py:L42|handler|RX:0000fff1-0000-1000-8000-00805f9b34fb: 10 0b ff 23 dc 11 00 00 00 00 2a 
DEBUG|2025-02-05|12:23:58|scalesvc\decoder.py:L58|weight|Scale not ready
DEBUG|2025-02-05|12:23:58|scalesvc\bluetooth.py:L42|handler|RX:0000fff1-0000-1000-8000-00805f9b34fb: 10 0b ff 23 dc 11 00 00 00 00 2a 
DEBUG|2025-02-05|12:23:58|scalesvc\decoder.py:L58|weight|Scale not ready
DEBUG|2025-02-05|12:23:58|scalesvc\bluetooth.py:L42|handler|RX:0000fff1-0000-1000-8000-00805f9b34fb: 10 0b ff 23 dc 11 00 00 00 00 2a 
DEBUG|2025-02-05|12:23:58|scalesvc\decoder.py:L58|weight|Scale not ready
DEBUG|2025-02-05|12:23:58|scalesvc\bluetooth.py:L128|loop|Battery level: bytearray(b'd')
DEBUG|2025-02-05|12:23:58|scalesvc\bluetooth.py:L42|handler|RX:0000fff1-0000-1000-8000-00805f9b34fb: 10 0b ff 23 dc 01 01 fe 01 ef 09 
INFO|2025-02-05|12:23:58|scalesvc\decoder.py:L64|weight|Weight: 91.8 KG, 202.4 LBS
INFO|2025-02-05|12:23:58|scalesvc\decoder.py:L68|weight|Resistance One: 510 KOhms
INFO|2025-02-05|12:23:58|scalesvc\decoder.py:L72|weight|Resistance Two: 495 KOhms
DEBUG|2025-02-05|12:23:58|scalesvc\api.py:L28|post|Posting sample to http://logagg.phnomlab.net/smartscale
INFO|2025-02-05|12:23:58|scalesvc\api.py:L36|post|Completed
DEBUG|2025-02-05|12:23:58|scalesvc\bluetooth.py:L42|handler|RX:0000fff1-0000-1000-8000-00805f9b34fb: 10 0b ff 23 dc 01 01 fc 01 f1 09 
INFO|2025-02-05|12:23:58|scalesvc\decoder.py:L64|weight|Weight: 91.8 KG, 202.4 LBS
INFO|2025-02-05|12:23:58|scalesvc\decoder.py:L68|weight|Resistance One: 508 KOhms
INFO|2025-02-05|12:23:58|scalesvc\decoder.py:L72|weight|Resistance Two: 497 KOhms
DEBUG|2025-02-05|12:23:58|scalesvc\api.py:L28|post|Posting sample to http://logagg.phnomlab.net/smartscale
INFO|2025-02-05|12:23:58|scalesvc\api.py:L36|post|Completed
DEBUG|2025-02-05|12:23:59|scalesvc\bluetooth.py:L42|handler|RX:0000fff1-0000-1000-8000-00805f9b34fb: 10 0b ff 23 dc 01 01 fc 01 f0 08 
INFO|2025-02-05|12:23:59|scalesvc\decoder.py:L64|weight|Weight: 91.8 KG, 202.4 LBS
INFO|2025-02-05|12:23:59|scalesvc\decoder.py:L68|weight|Resistance One: 508 KOhms
INFO|2025-02-05|12:23:59|scalesvc\decoder.py:L72|weight|Resistance Two: 496 KOhms
DEBUG|2025-02-05|12:23:59|scalesvc\api.py:L28|post|Posting sample to http://logagg.phnomlab.net/smartscale
INFO|2025-02-05|12:23:59|scalesvc\api.py:L36|post|Completed
DEBUG|2025-02-05|12:23:59|scalesvc\bluetooth.py:L42|handler|RX:0000fff1-0000-1000-8000-00805f9b34fb: 10 0b ff 23 dc 01 01 f0 01 f9 05 
INFO|2025-02-05|12:23:59|scalesvc\decoder.py:L64|weight|Weight: 91.8 KG, 202.4 LBS
INFO|2025-02-05|12:23:59|scalesvc\decoder.py:L68|weight|Resistance One: 496 KOhms
INFO|2025-02-05|12:23:59|scalesvc\decoder.py:L72|weight|Resistance Two: 505 KOhms
DEBUG|2025-02-05|12:23:59|scalesvc\api.py:L28|post|Posting sample to http://logagg.phnomlab.net/smartscale
INFO|2025-02-05|12:23:59|scalesvc\api.py:L36|post|Completed
DEBUG|2025-02-05|12:23:59|scalesvc\bluetooth.py:L42|handler|RX:0000fff1-0000-1000-8000-00805f9b34fb: 10 0b ff 23 dc 01 01 f9 01 ed 02 
INFO|2025-02-05|12:23:59|scalesvc\decoder.py:L64|weight|Weight: 91.8 KG, 202.4 LBS
INFO|2025-02-05|12:23:59|scalesvc\decoder.py:L68|weight|Resistance One: 505 KOhms
INFO|2025-02-05|12:23:59|scalesvc\decoder.py:L72|weight|Resistance Two: 493 KOhms
DEBUG|2025-02-05|12:23:59|scalesvc\api.py:L28|post|Posting sample to http://logagg.phnomlab.net/smartscale
INFO|2025-02-05|12:23:59|scalesvc\api.py:L36|post|Completed
DEBUG|2025-02-05|12:23:59|scalesvc\bluetooth.py:L42|handler|RX:0000fff1-0000-1000-8000-00805f9b34fb: 10 0b ff 23 dc 01 01 fd 01 ef 08 
INFO|2025-02-05|12:23:59|scalesvc\decoder.py:L64|weight|Weight: 91.8 KG, 202.4 LBS
INFO|2025-02-05|12:23:59|scalesvc\decoder.py:L68|weight|Resistance One: 509 KOhms
INFO|2025-02-05|12:23:59|scalesvc\decoder.py:L72|weight|Resistance Two: 495 KOhms
DEBUG|2025-02-05|12:23:59|scalesvc\api.py:L28|post|Posting sample to http://logagg.phnomlab.net/smartscale
INFO|2025-02-05|12:23:59|scalesvc\api.py:L36|post|Completed
DEBUG|2025-02-05|12:23:59|scalesvc\bluetooth.py:L42|handler|RX:0000fff1-0000-1000-8000-00805f9b34fb: 10 0b ff 23 dc 01 01 f1 01 fc 09 
INFO|2025-02-05|12:23:59|scalesvc\decoder.py:L64|weight|Weight: 91.8 KG, 202.4 LBS
INFO|2025-02-05|12:23:59|scalesvc\decoder.py:L68|weight|Resistance One: 497 KOhms
INFO|2025-02-05|12:23:59|scalesvc\decoder.py:L72|weight|Resistance Two: 508 KOhms
DEBUG|2025-02-05|12:23:59|scalesvc\api.py:L28|post|Posting sample to http://logagg.phnomlab.net/smartscale
INFO|2025-02-05|12:23:59|scalesvc\api.py:L36|post|Completed
DEBUG|2025-02-05|12:24:00|scalesvc\bluetooth.py:L42|handler|RX:0000fff1-0000-1000-8000-00805f9b34fb: 10 0b ff 23 dc 01 01 fc 01 ef 07 
INFO|2025-02-05|12:24:00|scalesvc\decoder.py:L64|weight|Weight: 91.8 KG, 202.4 LBS
INFO|2025-02-05|12:24:00|scalesvc\decoder.py:L68|weight|Resistance One: 508 KOhms
INFO|2025-02-05|12:24:00|scalesvc\decoder.py:L72|weight|Resistance Two: 495 KOhms
DEBUG|2025-02-05|12:24:00|scalesvc\api.py:L28|post|Posting sample to http://logagg.phnomlab.net/smartscale
INFO|2025-02-05|12:24:00|scalesvc\api.py:L36|post|Completed
DEBUG|2025-02-05|12:24:00|scalesvc\bluetooth.py:L42|handler|RX:0000fff1-0000-1000-8000-00805f9b34fb: 10 0b ff 23 dc 01 01 f6 01 f6 08 
INFO|2025-02-05|12:24:00|scalesvc\decoder.py:L64|weight|Weight: 91.8 KG, 202.4 LBS
INFO|2025-02-05|12:24:00|scalesvc\decoder.py:L68|weight|Resistance One: 502 KOhms
INFO|2025-02-05|12:24:00|scalesvc\decoder.py:L72|weight|Resistance Two: 502 KOhms
DEBUG|2025-02-05|12:24:00|scalesvc\api.py:L28|post|Posting sample to http://logagg.phnomlab.net/smartscale
INFO|2025-02-05|12:24:00|scalesvc\api.py:L36|post|Completed
DEBUG|2025-02-05|12:24:00|scalesvc\bluetooth.py:L42|handler|RX:0000fff1-0000-1000-8000-00805f9b34fb: 10 0b ff 23 dc 01 01 fb 01 f1 08 
INFO|2025-02-05|12:24:00|scalesvc\decoder.py:L64|weight|Weight: 91.8 KG, 202.4 LBS
INFO|2025-02-05|12:24:00|scalesvc\decoder.py:L68|weight|Resistance One: 507 KOhms
INFO|2025-02-05|12:24:00|scalesvc\decoder.py:L72|weight|Resistance Two: 497 KOhms
DEBUG|2025-02-05|12:24:00|scalesvc\api.py:L28|post|Posting sample to http://logagg.phnomlab.net/smartscale
INFO|2025-02-05|12:24:00|scalesvc\api.py:L36|post|Completed
DEBUG|2025-02-05|12:24:00|scalesvc\bluetooth.py:L42|handler|RX:0000fff1-0000-1000-8000-00805f9b34fb: 10 0b ff 23 dc 01 01 fe 01 f1 0b 
INFO|2025-02-05|12:24:00|scalesvc\decoder.py:L64|weight|Weight: 91.8 KG, 202.4 LBS
INFO|2025-02-05|12:24:00|scalesvc\decoder.py:L68|weight|Resistance One: 510 KOhms
INFO|2025-02-05|12:24:00|scalesvc\decoder.py:L72|weight|Resistance Two: 497 KOhms
DEBUG|2025-02-05|12:24:00|scalesvc\api.py:L28|post|Posting sample to http://logagg.phnomlab.net/smartscale
INFO|2025-02-05|12:24:00|scalesvc\api.py:L36|post|Completed
DEBUG|2025-02-05|12:24:00|scalesvc\bluetooth.py:L42|handler|RX:0000fff1-0000-1000-8000-00805f9b34fb: 10 0b ff 23 dc 01 01 f1 01 ee fb 
INFO|2025-02-05|12:24:00|scalesvc\decoder.py:L64|weight|Weight: 91.8 KG, 202.4 LBS
INFO|2025-02-05|12:24:00|scalesvc\decoder.py:L68|weight|Resistance One: 497 KOhms
INFO|2025-02-05|12:24:00|scalesvc\decoder.py:L72|weight|Resistance Two: 494 KOhms
DEBUG|2025-02-05|12:24:00|scalesvc\api.py:L28|post|Posting sample to http://logagg.phnomlab.net/smartscale
INFO|2025-02-05|12:24:00|scalesvc\api.py:L36|post|Completed
DEBUG|2025-02-05|12:24:01|scalesvc\bluetooth.py:L42|handler|RX:0000fff1-0000-1000-8000-00805f9b34fb: 10 0b ff 23 dc 01 01 f8 01 fc 10 
INFO|2025-02-05|12:24:01|scalesvc\decoder.py:L64|weight|Weight: 91.8 KG, 202.4 LBS
INFO|2025-02-05|12:24:01|scalesvc\decoder.py:L68|weight|Resistance One: 504 KOhms
INFO|2025-02-05|12:24:01|scalesvc\decoder.py:L72|weight|Resistance Two: 508 KOhms
DEBUG|2025-02-05|12:24:01|scalesvc\api.py:L28|post|Posting sample to http://logagg.phnomlab.net/smartscale
INFO|2025-02-05|12:24:01|scalesvc\api.py:L36|post|Completed
DEBUG|2025-02-05|12:24:01|scalesvc\bluetooth.py:L42|handler|RX:0000fff1-0000-1000-8000-00805f9b34fb: 10 0b ff 23 dc 01 01 f1 01 f5 02 
INFO|2025-02-05|12:24:01|scalesvc\decoder.py:L64|weight|Weight: 91.8 KG, 202.4 LBS
INFO|2025-02-05|12:24:01|scalesvc\decoder.py:L68|weight|Resistance One: 497 KOhms
INFO|2025-02-05|12:24:01|scalesvc\decoder.py:L72|weight|Resistance Two: 501 KOhms
DEBUG|2025-02-05|12:24:01|scalesvc\api.py:L28|post|Posting sample to http://logagg.phnomlab.net/smartscale
INFO|2025-02-05|12:24:01|scalesvc\api.py:L36|post|Completed
DEBUG|2025-02-05|12:24:01|scalesvc\bluetooth.py:L42|handler|RX:0000fff1-0000-1000-8000-00805f9b34fb: 10 0b ff 23 dc 01 01 f3 01 f0 ff 
INFO|2025-02-05|12:24:01|scalesvc\decoder.py:L64|weight|Weight: 91.8 KG, 202.4 LBS
INFO|2025-02-05|12:24:01|scalesvc\decoder.py:L68|weight|Resistance One: 499 KOhms
INFO|2025-02-05|12:24:01|scalesvc\decoder.py:L72|weight|Resistance Two: 496 KOhms
DEBUG|2025-02-05|12:24:01|scalesvc\api.py:L28|post|Posting sample to http://logagg.phnomlab.net/smartscale
INFO|2025-02-05|12:24:01|scalesvc\api.py:L36|post|Completed
DEBUG|2025-02-05|12:24:01|scalesvc\bluetooth.py:L42|handler|RX:0000fff1-0000-1000-8000-00805f9b34fb: 10 0b ff 23 dc 01 01 f4 01 ed fd 
INFO|2025-02-05|12:24:01|scalesvc\decoder.py:L64|weight|Weight: 91.8 KG, 202.4 LBS
INFO|2025-02-05|12:24:01|scalesvc\decoder.py:L68|weight|Resistance One: 500 KOhms
INFO|2025-02-05|12:24:01|scalesvc\decoder.py:L72|weight|Resistance Two: 493 KOhms
DEBUG|2025-02-05|12:24:01|scalesvc\api.py:L28|post|Posting sample to http://logagg.phnomlab.net/smartscale
INFO|2025-02-05|12:24:01|scalesvc\api.py:L36|post|Completed
DEBUG|2025-02-05|12:24:01|scalesvc\bluetooth.py:L128|loop|Battery level: bytearray(b'd')
DEBUG|2025-02-05|12:24:01|scalesvc\bluetooth.py:L42|handler|RX:0000fff1-0000-1000-8000-00805f9b34fb: 10 0b ff 23 dc 01 01 fc 01 fc 14 
INFO|2025-02-05|12:24:01|scalesvc\decoder.py:L64|weight|Weight: 91.8 KG, 202.4 LBS
INFO|2025-02-05|12:24:01|scalesvc\decoder.py:L68|weight|Resistance One: 508 KOhms
INFO|2025-02-05|12:24:01|scalesvc\decoder.py:L72|weight|Resistance Two: 508 KOhms
DEBUG|2025-02-05|12:24:01|scalesvc\api.py:L28|post|Posting sample to http://logagg.phnomlab.net/smartscale
INFO|2025-02-05|12:24:01|scalesvc\api.py:L36|post|Completed
DEBUG|2025-02-05|12:24:02|scalesvc\bluetooth.py:L42|handler|RX:0000fff1-0000-1000-8000-00805f9b34fb: 10 0b ff 23 dc 01 01 f1 01 ef fc 
INFO|2025-02-05|12:24:02|scalesvc\decoder.py:L64|weight|Weight: 91.8 KG, 202.4 LBS
INFO|2025-02-05|12:24:02|scalesvc\decoder.py:L68|weight|Resistance One: 497 KOhms
INFO|2025-02-05|12:24:02|scalesvc\decoder.py:L72|weight|Resistance Two: 495 KOhms
DEBUG|2025-02-05|12:24:02|scalesvc\api.py:L28|post|Posting sample to http://logagg.phnomlab.net/smartscale
INFO|2025-02-05|12:24:02|scalesvc\api.py:L36|post|Completed
DEBUG|2025-02-05|12:24:02|scalesvc\bluetooth.py:L42|handler|RX:0000fff1-0000-1000-8000-00805f9b34fb: 10 0b ff 23 dc 01 01 f6 01 fa 0c 
INFO|2025-02-05|12:24:02|scalesvc\decoder.py:L64|weight|Weight: 91.8 KG, 202.4 LBS
INFO|2025-02-05|12:24:02|scalesvc\decoder.py:L68|weight|Resistance One: 502 KOhms
INFO|2025-02-05|12:24:02|scalesvc\decoder.py:L72|weight|Resistance Two: 506 KOhms
DEBUG|2025-02-05|12:24:02|scalesvc\api.py:L28|post|Posting sample to http://logagg.phnomlab.net/smartscale
INFO|2025-02-05|12:24:02|scalesvc\api.py:L36|post|Completed
DEBUG|2025-02-05|12:24:02|scalesvc\bluetooth.py:L42|handler|RX:0000fff1-0000-1000-8000-00805f9b34fb: 10 0b ff 23 dc 01 01 f2 01 f8 06 
INFO|2025-02-05|12:24:02|scalesvc\decoder.py:L64|weight|Weight: 91.8 KG, 202.4 LBS
INFO|2025-02-05|12:24:02|scalesvc\decoder.py:L68|weight|Resistance One: 498 KOhms
INFO|2025-02-05|12:24:02|scalesvc\decoder.py:L72|weight|Resistance Two: 504 KOhms
DEBUG|2025-02-05|12:24:02|scalesvc\api.py:L28|post|Posting sample to http://logagg.phnomlab.net/smartscale
INFO|2025-02-05|12:24:02|scalesvc\api.py:L36|post|Completed
DEBUG|2025-02-05|12:24:02|scalesvc\bluetooth.py:L42|handler|RX:0000fff1-0000-1000-8000-00805f9b34fb: 10 0b ff 23 dc 01 01 fc 01 fb 13 
INFO|2025-02-05|12:24:02|scalesvc\decoder.py:L64|weight|Weight: 91.8 KG, 202.4 LBS
INFO|2025-02-05|12:24:02|scalesvc\decoder.py:L68|weight|Resistance One: 508 KOhms
INFO|2025-02-05|12:24:02|scalesvc\decoder.py:L72|weight|Resistance Two: 507 KOhms
DEBUG|2025-02-05|12:24:02|scalesvc\api.py:L28|post|Posting sample to http://logagg.phnomlab.net/smartscale
INFO|2025-02-05|12:24:02|scalesvc\api.py:L36|post|Completed
DEBUG|2025-02-05|12:24:02|scalesvc\bluetooth.py:L42|handler|RX:0000fff1-0000-1000-8000-00805f9b34fb: 10 0b ff 23 dc 01 01 fb 01 fc 13 
INFO|2025-02-05|12:24:02|scalesvc\decoder.py:L64|weight|Weight: 91.8 KG, 202.4 LBS
INFO|2025-02-05|12:24:02|scalesvc\decoder.py:L68|weight|Resistance One: 507 KOhms
INFO|2025-02-05|12:24:02|scalesvc\decoder.py:L72|weight|Resistance Two: 508 KOhms
DEBUG|2025-02-05|12:24:02|scalesvc\api.py:L28|post|Posting sample to http://logagg.phnomlab.net/smartscale
INFO|2025-02-05|12:24:02|scalesvc\api.py:L36|post|Completed
DEBUG|2025-02-05|12:24:03|scalesvc\bluetooth.py:L42|handler|RX:0000fff1-0000-1000-8000-00805f9b34fb: 10 0b ff 23 dc 01 01 f4 01 f8 08 
INFO|2025-02-05|12:24:03|scalesvc\decoder.py:L64|weight|Weight: 91.8 KG, 202.4 LBS
INFO|2025-02-05|12:24:03|scalesvc\decoder.py:L68|weight|Resistance One: 500 KOhms
INFO|2025-02-05|12:24:03|scalesvc\decoder.py:L72|weight|Resistance Two: 504 KOhms
DEBUG|2025-02-05|12:24:03|scalesvc\api.py:L28|post|Posting sample to http://logagg.phnomlab.net/smartscale
INFO|2025-02-05|12:24:03|scalesvc\api.py:L36|post|Completed
DEBUG|2025-02-05|12:24:03|scalesvc\bluetooth.py:L42|handler|RX:0000fff1-0000-1000-8000-00805f9b34fb: 10 0b ff 23 dc 01 01 f5 01 f3 04 
INFO|2025-02-05|12:24:03|scalesvc\decoder.py:L64|weight|Weight: 91.8 KG, 202.4 LBS
INFO|2025-02-05|12:24:03|scalesvc\decoder.py:L68|weight|Resistance One: 501 KOhms
INFO|2025-02-05|12:24:03|scalesvc\decoder.py:L72|weight|Resistance Two: 499 KOhms
DEBUG|2025-02-05|12:24:03|scalesvc\api.py:L28|post|Posting sample to http://logagg.phnomlab.net/smartscale
INFO|2025-02-05|12:24:03|scalesvc\api.py:L36|post|Completed
DEBUG|2025-02-05|12:24:03|scalesvc\bluetooth.py:L42|handler|RX:0000fff1-0000-1000-8000-00805f9b34fb: 10 0b ff 23 dc 01 01 f2 01 f1 ff 
INFO|2025-02-05|12:24:03|scalesvc\decoder.py:L64|weight|Weight: 91.8 KG, 202.4 LBS
INFO|2025-02-05|12:24:03|scalesvc\decoder.py:L68|weight|Resistance One: 498 KOhms
INFO|2025-02-05|12:24:03|scalesvc\decoder.py:L72|weight|Resistance Two: 497 KOhms
DEBUG|2025-02-05|12:24:03|scalesvc\api.py:L28|post|Posting sample to http://logagg.phnomlab.net/smartscale
INFO|2025-02-05|12:24:03|scalesvc\api.py:L36|post|Completed
DEBUG|2025-02-05|12:24:03|scalesvc\bluetooth.py:L42|handler|RX:0000fff1-0000-1000-8000-00805f9b34fb: 10 0b ff 23 dc 01 01 fe 01 ee 08 
INFO|2025-02-05|12:24:03|scalesvc\decoder.py:L64|weight|Weight: 91.8 KG, 202.4 LBS
INFO|2025-02-05|12:24:03|scalesvc\decoder.py:L68|weight|Resistance One: 510 KOhms
INFO|2025-02-05|12:24:03|scalesvc\decoder.py:L72|weight|Resistance Two: 494 KOhms
DEBUG|2025-02-05|12:24:03|scalesvc\api.py:L28|post|Posting sample to http://logagg.phnomlab.net/smartscale
INFO|2025-02-05|12:24:03|scalesvc\api.py:L36|post|Completed
DEBUG|2025-02-05|12:24:03|scalesvc\bluetooth.py:L42|handler|RX:0000fff1-0000-1000-8000-00805f9b34fb: 10 0b ff 23 dc 01 01 ef 01 ed f8 
INFO|2025-02-05|12:24:03|scalesvc\decoder.py:L64|weight|Weight: 91.8 KG, 202.4 LBS
INFO|2025-02-05|12:24:03|scalesvc\decoder.py:L68|weight|Resistance One: 495 KOhms
INFO|2025-02-05|12:24:03|scalesvc\decoder.py:L72|weight|Resistance Two: 493 KOhms
DEBUG|2025-02-05|12:24:04|scalesvc\api.py:L28|post|Posting sample to http://logagg.phnomlab.net/smartscale
INFO|2025-02-05|12:24:04|scalesvc\api.py:L36|post|Completed
DEBUG|2025-02-05|12:24:04|scalesvc\bluetooth.py:L42|handler|RX:0000fff1-0000-1000-8000-00805f9b34fb: 10 0b ff 23 dc 01 01 fb 01 f2 09 
INFO|2025-02-05|12:24:04|scalesvc\decoder.py:L64|weight|Weight: 91.8 KG, 202.4 LBS
INFO|2025-02-05|12:24:04|scalesvc\decoder.py:L68|weight|Resistance One: 507 KOhms
INFO|2025-02-05|12:24:04|scalesvc\decoder.py:L72|weight|Resistance Two: 498 KOhms
DEBUG|2025-02-05|12:24:04|scalesvc\api.py:L28|post|Posting sample to http://logagg.phnomlab.net/smartscale
INFO|2025-02-05|12:24:04|scalesvc\api.py:L36|post|Completed
DEBUG|2025-02-05|12:24:04|scalesvc\bluetooth.py:L42|handler|RX:0000fff1-0000-1000-8000-00805f9b34fb: 10 0b ff 23 dc 01 01 f0 01 fa 06 
INFO|2025-02-05|12:24:04|scalesvc\decoder.py:L64|weight|Weight: 91.8 KG, 202.4 LBS
INFO|2025-02-05|12:24:04|scalesvc\decoder.py:L68|weight|Resistance One: 496 KOhms
INFO|2025-02-05|12:24:04|scalesvc\decoder.py:L72|weight|Resistance Two: 506 KOhms
DEBUG|2025-02-05|12:24:04|scalesvc\api.py:L28|post|Posting sample to http://logagg.phnomlab.net/smartscale
INFO|2025-02-05|12:24:04|scalesvc\api.py:L36|post|Completed
DEBUG|2025-02-05|12:24:04|scalesvc\bluetooth.py:L42|handler|RX:0000fff1-0000-1000-8000-00805f9b34fb: 10 0b ff 23 dc 01 01 f8 01 fc 10 
INFO|2025-02-05|12:24:04|scalesvc\decoder.py:L64|weight|Weight: 91.8 KG, 202.4 LBS
INFO|2025-02-05|12:24:04|scalesvc\decoder.py:L68|weight|Resistance One: 504 KOhms
INFO|2025-02-05|12:24:04|scalesvc\decoder.py:L72|weight|Resistance Two: 508 KOhms
DEBUG|2025-02-05|12:24:04|scalesvc\api.py:L28|post|Posting sample to http://logagg.phnomlab.net/smartscale
INFO|2025-02-05|12:24:04|scalesvc\api.py:L36|post|Completed
DEBUG|2025-02-05|12:24:04|scalesvc\bluetooth.py:L42|handler|RX:0000fff1-0000-1000-8000-00805f9b34fb: 10 0b ff 23 dc 01 01 fd 01 ee 07 
INFO|2025-02-05|12:24:04|scalesvc\decoder.py:L64|weight|Weight: 91.8 KG, 202.4 LBS
INFO|2025-02-05|12:24:04|scalesvc\decoder.py:L68|weight|Resistance One: 509 KOhms
INFO|2025-02-05|12:24:04|scalesvc\decoder.py:L72|weight|Resistance Two: 494 KOhms
DEBUG|2025-02-05|12:24:04|scalesvc\api.py:L28|post|Posting sample to http://logagg.phnomlab.net/smartscale
INFO|2025-02-05|12:24:04|scalesvc\api.py:L36|post|Completed
DEBUG|2025-02-05|12:24:04|scalesvc\bluetooth.py:L128|loop|Battery level: bytearray(b'd')
DEBUG|2025-02-05|12:24:04|scalesvc\bluetooth.py:L42|handler|RX:0000fff1-0000-1000-8000-00805f9b34fb: 10 0b ff 23 dc 01 01 ef 01 f5 00 
INFO|2025-02-05|12:24:04|scalesvc\decoder.py:L64|weight|Weight: 91.8 KG, 202.4 LBS
INFO|2025-02-05|12:24:04|scalesvc\decoder.py:L68|weight|Resistance One: 495 KOhms
INFO|2025-02-05|12:24:04|scalesvc\decoder.py:L72|weight|Resistance Two: 501 KOhms
DEBUG|2025-02-05|12:24:04|scalesvc\api.py:L28|post|Posting sample to http://logagg.phnomlab.net/smartscale
INFO|2025-02-05|12:24:04|scalesvc\api.py:L36|post|Completed
DEBUG|2025-02-05|12:24:05|scalesvc\bluetooth.py:L42|handler|RX:0000fff1-0000-1000-8000-00805f9b34fb: 10 0b ff 23 dc 01 01 fc 01 f9 11 
INFO|2025-02-05|12:24:05|scalesvc\decoder.py:L64|weight|Weight: 91.8 KG, 202.4 LBS
INFO|2025-02-05|12:24:05|scalesvc\decoder.py:L68|weight|Resistance One: 508 KOhms
INFO|2025-02-05|12:24:05|scalesvc\decoder.py:L72|weight|Resistance Two: 505 KOhms
DEBUG|2025-02-05|12:24:05|scalesvc\api.py:L28|post|Posting sample to http://logagg.phnomlab.net/smartscale
INFO|2025-02-05|12:24:05|scalesvc\api.py:L36|post|Completed
DEBUG|2025-02-05|12:24:05|scalesvc\bluetooth.py:L42|handler|RX:0000fff1-0000-1000-8000-00805f9b34fb: 10 0b ff 23 dc 01 01 fe 01 f0 0a 
INFO|2025-02-05|12:24:05|scalesvc\decoder.py:L64|weight|Weight: 91.8 KG, 202.4 LBS
INFO|2025-02-05|12:24:05|scalesvc\decoder.py:L68|weight|Resistance One: 510 KOhms
INFO|2025-02-05|12:24:05|scalesvc\decoder.py:L72|weight|Resistance Two: 496 KOhms
DEBUG|2025-02-05|12:24:05|scalesvc\api.py:L28|post|Posting sample to http://logagg.phnomlab.net/smartscale
INFO|2025-02-05|12:24:05|scalesvc\api.py:L36|post|Completed
DEBUG|2025-02-05|12:24:05|scalesvc\bluetooth.py:L42|handler|RX:0000fff1-0000-1000-8000-00805f9b34fb: 10 0b ff 23 dc 01 01 fc 01 f0 08 
INFO|2025-02-05|12:24:05|scalesvc\decoder.py:L64|weight|Weight: 91.8 KG, 202.4 LBS
INFO|2025-02-05|12:24:05|scalesvc\decoder.py:L68|weight|Resistance One: 508 KOhms
INFO|2025-02-05|12:24:05|scalesvc\decoder.py:L72|weight|Resistance Two: 496 KOhms
DEBUG|2025-02-05|12:24:05|scalesvc\api.py:L28|post|Posting sample to http://logagg.phnomlab.net/smartscale
INFO|2025-02-05|12:24:05|scalesvc\api.py:L36|post|Completed
DEBUG|2025-02-05|12:24:05|scalesvc\bluetooth.py:L42|handler|RX:0000fff1-0000-1000-8000-00805f9b34fb: 10 0b ff 23 dc 01 01 f0 01 f2 fe 
INFO|2025-02-05|12:24:05|scalesvc\decoder.py:L64|weight|Weight: 91.8 KG, 202.4 LBS
INFO|2025-02-05|12:24:05|scalesvc\decoder.py:L68|weight|Resistance One: 496 KOhms
INFO|2025-02-05|12:24:05|scalesvc\decoder.py:L72|weight|Resistance Two: 498 KOhms
DEBUG|2025-02-05|12:24:05|scalesvc\api.py:L28|post|Posting sample to http://logagg.phnomlab.net/smartscale
INFO|2025-02-05|12:24:05|scalesvc\api.py:L36|post|Completed
DEBUG|2025-02-05|12:24:05|scalesvc\bluetooth.py:L42|handler|RX:0000fff1-0000-1000-8000-00805f9b34fb: 10 0b ff 23 dc 01 01 fd 01 ef 08 
INFO|2025-02-05|12:24:05|scalesvc\decoder.py:L64|weight|Weight: 91.8 KG, 202.4 LBS
INFO|2025-02-05|12:24:05|scalesvc\decoder.py:L68|weight|Resistance One: 509 KOhms
INFO|2025-02-05|12:24:05|scalesvc\decoder.py:L72|weight|Resistance Two: 495 KOhms
DEBUG|2025-02-05|12:24:05|scalesvc\api.py:L28|post|Posting sample to http://logagg.phnomlab.net/smartscale
INFO|2025-02-05|12:24:05|scalesvc\api.py:L36|post|Completed
DEBUG|2025-02-05|12:24:06|scalesvc\bluetooth.py:L42|handler|RX:0000fff1-0000-1000-8000-00805f9b34fb: 10 0b ff 23 dc 01 01 f2 01 ee fc 
INFO|2025-02-05|12:24:06|scalesvc\decoder.py:L64|weight|Weight: 91.8 KG, 202.4 LBS
INFO|2025-02-05|12:24:06|scalesvc\decoder.py:L68|weight|Resistance One: 498 KOhms
INFO|2025-02-05|12:24:06|scalesvc\decoder.py:L72|weight|Resistance Two: 494 KOhms
DEBUG|2025-02-05|12:24:06|scalesvc\api.py:L28|post|Posting sample to http://logagg.phnomlab.net/smartscale
INFO|2025-02-05|12:24:06|scalesvc\api.py:L36|post|Completed
DEBUG|2025-02-05|12:24:06|scalesvc\bluetooth.py:L42|handler|RX:0000fff1-0000-1000-8000-00805f9b34fb: 10 0b ff 23 dc 01 01 fb 01 ee 05 
INFO|2025-02-05|12:24:06|scalesvc\decoder.py:L64|weight|Weight: 91.8 KG, 202.4 LBS
INFO|2025-02-05|12:24:06|scalesvc\decoder.py:L68|weight|Resistance One: 507 KOhms
INFO|2025-02-05|12:24:06|scalesvc\decoder.py:L72|weight|Resistance Two: 494 KOhms
DEBUG|2025-02-05|12:24:06|scalesvc\api.py:L28|post|Posting sample to http://logagg.phnomlab.net/smartscale
INFO|2025-02-05|12:24:06|scalesvc\api.py:L36|post|Completed
DEBUG|2025-02-05|12:24:06|scalesvc\bluetooth.py:L42|handler|RX:0000fff1-0000-1000-8000-00805f9b34fb: 10 0b ff 23 dc 01 01 fb 01 ee 05 
INFO|2025-02-05|12:24:06|scalesvc\decoder.py:L64|weight|Weight: 91.8 KG, 202.4 LBS
INFO|2025-02-05|12:24:06|scalesvc\decoder.py:L68|weight|Resistance One: 507 KOhms
INFO|2025-02-05|12:24:06|scalesvc\decoder.py:L72|weight|Resistance Two: 494 KOhms
DEBUG|2025-02-05|12:24:06|scalesvc\api.py:L28|post|Posting sample to http://logagg.phnomlab.net/smartscale
INFO|2025-02-05|12:24:06|scalesvc\api.py:L36|post|Completed
DEBUG|2025-02-05|12:24:06|scalesvc\bluetooth.py:L42|handler|RX:0000fff1-0000-1000-8000-00805f9b34fb: 10 0b ff 23 dc 01 01 fa 01 ee 04 
INFO|2025-02-05|12:24:06|scalesvc\decoder.py:L64|weight|Weight: 91.8 KG, 202.4 LBS
INFO|2025-02-05|12:24:06|scalesvc\decoder.py:L68|weight|Resistance One: 506 KOhms
INFO|2025-02-05|12:24:06|scalesvc\decoder.py:L72|weight|Resistance Two: 494 KOhms
DEBUG|2025-02-05|12:24:06|scalesvc\api.py:L28|post|Posting sample to http://logagg.phnomlab.net/smartscale
INFO|2025-02-05|12:24:06|scalesvc\api.py:L36|post|Completed
DEBUG|2025-02-05|12:24:06|scalesvc\bluetooth.py:L42|handler|RX:0000fff1-0000-1000-8000-00805f9b34fb: 10 0b ff 23 dc 01 01 fd 01 ee 07 
INFO|2025-02-05|12:24:06|scalesvc\decoder.py:L64|weight|Weight: 91.8 KG, 202.4 LBS
INFO|2025-02-05|12:24:06|scalesvc\decoder.py:L68|weight|Resistance One: 509 KOhms
INFO|2025-02-05|12:24:06|scalesvc\decoder.py:L72|weight|Resistance Two: 494 KOhms
DEBUG|2025-02-05|12:24:06|scalesvc\api.py:L28|post|Posting sample to http://logagg.phnomlab.net/smartscale
INFO|2025-02-05|12:24:07|scalesvc\api.py:L36|post|Completed
DEBUG|2025-02-05|12:24:07|scalesvc\bluetooth.py:L42|handler|RX:0000fff1-0000-1000-8000-00805f9b34fb: 10 0b ff 23 dc 01 01 fe 01 ee 08 
INFO|2025-02-05|12:24:07|scalesvc\decoder.py:L64|weight|Weight: 91.8 KG, 202.4 LBS
INFO|2025-02-05|12:24:07|scalesvc\decoder.py:L68|weight|Resistance One: 510 KOhms
INFO|2025-02-05|12:24:07|scalesvc\decoder.py:L72|weight|Resistance Two: 494 KOhms
DEBUG|2025-02-05|12:24:07|scalesvc\api.py:L28|post|Posting sample to http://logagg.phnomlab.net/smartscale
INFO|2025-02-05|12:24:07|scalesvc\api.py:L36|post|Completed
DEBUG|2025-02-05|12:24:07|scalesvc\bluetooth.py:L42|handler|RX:0000fff1-0000-1000-8000-00805f9b34fb: 10 0b ff 23 dc 01 01 f3 01 ed fc 
INFO|2025-02-05|12:24:07|scalesvc\decoder.py:L64|weight|Weight: 91.8 KG, 202.4 LBS
INFO|2025-02-05|12:24:07|scalesvc\decoder.py:L68|weight|Resistance One: 499 KOhms
INFO|2025-02-05|12:24:07|scalesvc\decoder.py:L72|weight|Resistance Two: 493 KOhms
DEBUG|2025-02-05|12:24:07|scalesvc\api.py:L28|post|Posting sample to http://logagg.phnomlab.net/smartscale
INFO|2025-02-05|12:24:07|scalesvc\api.py:L36|post|Completed
DEBUG|2025-02-05|12:24:07|scalesvc\bluetooth.py:L42|handler|RX:0000fff1-0000-1000-8000-00805f9b34fb: 10 0b ff 23 dc 01 01 fa 01 ed 03 
INFO|2025-02-05|12:24:07|scalesvc\decoder.py:L64|weight|Weight: 91.8 KG, 202.4 LBS
INFO|2025-02-05|12:24:07|scalesvc\decoder.py:L68|weight|Resistance One: 506 KOhms
INFO|2025-02-05|12:24:07|scalesvc\decoder.py:L72|weight|Resistance Two: 493 KOhms
DEBUG|2025-02-05|12:24:07|scalesvc\api.py:L28|post|Posting sample to http://logagg.phnomlab.net/smartscale
INFO|2025-02-05|12:24:07|scalesvc\api.py:L36|post|Completed
DEBUG|2025-02-05|12:24:07|scalesvc\bluetooth.py:L42|handler|RX:0000fff1-0000-1000-8000-00805f9b34fb: 10 0b ff 23 dc 01 01 f4 01 ee fe 
INFO|2025-02-05|12:24:07|scalesvc\decoder.py:L64|weight|Weight: 91.8 KG, 202.4 LBS
INFO|2025-02-05|12:24:07|scalesvc\decoder.py:L68|weight|Resistance One: 500 KOhms
INFO|2025-02-05|12:24:07|scalesvc\decoder.py:L72|weight|Resistance Two: 494 KOhms
DEBUG|2025-02-05|12:24:07|scalesvc\api.py:L28|post|Posting sample to http://logagg.phnomlab.net/smartscale
INFO|2025-02-05|12:24:07|scalesvc\api.py:L36|post|Completed
DEBUG|2025-02-05|12:24:07|scalesvc\bluetooth.py:L128|loop|Battery level: bytearray(b'd')
DEBUG|2025-02-05|12:24:07|scalesvc\bluetooth.py:L42|handler|RX:0000fff1-0000-1000-8000-00805f9b34fb: 10 0b ff 23 dc 01 01 f7 01 ee 01 
INFO|2025-02-05|12:24:07|scalesvc\decoder.py:L64|weight|Weight: 91.8 KG, 202.4 LBS
INFO|2025-02-05|12:24:07|scalesvc\decoder.py:L68|weight|Resistance One: 503 KOhms
INFO|2025-02-05|12:24:07|scalesvc\decoder.py:L72|weight|Resistance Two: 494 KOhms
DEBUG|2025-02-05|12:24:07|scalesvc\api.py:L28|post|Posting sample to http://logagg.phnomlab.net/smartscale
INFO|2025-02-05|12:24:07|scalesvc\api.py:L36|post|Completed
INFO|2025-02-05|12:24:10|scalesvc\bluetooth.py:L132|loop|Disconnected: Not connected
DEBUG|2025-02-05|12:24:11|scalesvc\bluetooth.py:L74|loop|Detected 7 device(s)...
DEBUG|2025-02-05|12:24:12|scalesvc\bluetooth.py:L74|loop|Detected 6 device(s)...
DEBUG|2025-02-05|12:24:13|scalesvc\bluetooth.py:L74|loop|Detected 5 device(s)...
DEBUG|2025-02-05|12:24:15|scalesvc\bluetooth.py:L74|loop|Detected 8 device(s)...
DEBUG|2025-02-05|12:24:16|scalesvc\bluetooth.py:L74|loop|Detected 3 device(s)...
DEBUG|2025-02-05|12:24:17|scalesvc\bluetooth.py:L74|loop|Detected 3 device(s)...
DEBUG|2025-02-05|12:24:18|scalesvc\bluetooth.py:L74|loop|Detected 5 device(s)...
DEBUG|2025-02-05|12:24:18|scalesvc\signals.py:L9|stop|signal: 2
DEBUG|2025-02-05|12:24:18|scalesvc\signals.py:L11|stop|<frame at 0x000002021C266820, file 'C:\\Users\\cobra\\AppData\\Roaming\\Python\\Python313\\site-packages\\PySimpleGUIQt\\PySimpleGUIQt.py', line 5168, code _timer_timeout>
INFO|2025-02-05|12:24:18|scalesvc\signals.py:L12|stop|Shutting down...
DEBUG|2025-02-05|12:24:19|scalesvc\bluetooth.py:L74|loop|Detected 6 device(s)...
